<?xml version="1.0" encoding="UTF-8"?>
<testsuite name="com.builders.services.BuilderServiceTest" tests="1" skipped="0" failures="0" errors="0" timestamp="2019-10-05T20:42:27" hostname="DESKTOP-TU1AUIE" time="0.003">
  <properties/>
  <testcase name="testHello" classname="com.builders.services.BuilderServiceTest" time="0.003"/>
  <system-out><![CDATA[]]></system-out>
  <system-err><![CDATA[]]></system-err>
</testsuite>
